time="2023-12-28T23:09:10+03:00" level=info msg="create router" func="main.main()" file="app.go:16"
time="2023-12-28T23:09:10+03:00" level=info msg="register user handler" func="main.main()" file="app.go:19"
time="2023-12-28T23:32:26+03:00" level=info msg="create router" func="main.main()" file="app.go:18"
time="2023-12-28T23:32:26+03:00" level=info msg="read application configuration" func="github.com/stonik02/proxy_service/internal/config.GetConfig.func1()" file="config.go:25"
time="2023-12-28T23:32:26+03:00" level=info func="github.com/stonik02/proxy_service/internal/config.GetConfig.func1()" file="config.go:30"
time="2023-12-28T23:32:26+03:00" level=fatal msg="open config.yaml: The system cannot find the file specified." func="github.com/stonik02/proxy_service/internal/config.GetConfig.func1()" file="config.go:31"
time="2023-12-28T23:32:59+03:00" level=info msg="create router" func="main.main()" file="app.go:18"
time="2023-12-28T23:32:59+03:00" level=info msg="read application configuration" func="github.com/stonik02/proxy_service/internal/config.GetConfig.func1()" file="config.go:25"
time="2023-12-28T23:32:59+03:00" level=info func="github.com/stonik02/proxy_service/internal/config.GetConfig.func1()" file="config.go:30"
time="2023-12-28T23:32:59+03:00" level=fatal msg="open ../config.yaml: The system cannot find the file specified." func="github.com/stonik02/proxy_service/internal/config.GetConfig.func1()" file="config.go:31"
time="2023-12-28T23:33:24+03:00" level=info msg="create router" func="main.main()" file="app.go:18"
time="2023-12-28T23:33:24+03:00" level=info msg="read application configuration" func="github.com/stonik02/proxy_service/internal/config.GetConfig.func1()" file="config.go:25"
time="2023-12-28T23:33:24+03:00" level=info func="github.com/stonik02/proxy_service/internal/config.GetConfig.func1()" file="config.go:30"
time="2023-12-28T23:33:24+03:00" level=fatal msg="open config.yaml: The system cannot find the file specified." func="github.com/stonik02/proxy_service/internal/config.GetConfig.func1()" file="config.go:31"
time="2023-12-28T23:34:02+03:00" level=info msg="create router" func="main.main()" file="app.go:18"
time="2023-12-28T23:34:02+03:00" level=info msg="read application configuration" func="github.com/stonik02/proxy_service/internal/config.GetConfig.func1()" file="config.go:25"
time="2023-12-28T23:34:02+03:00" level=info func="github.com/stonik02/proxy_service/internal/config.GetConfig.func1()" file="config.go:30"
time="2023-12-28T23:34:02+03:00" level=fatal msg="open ../config.yaml: The system cannot find the file specified." func="github.com/stonik02/proxy_service/internal/config.GetConfig.func1()" file="config.go:31"
time="2023-12-28T23:34:38+03:00" level=info msg="create router" func="main.main()" file="app.go:18"
time="2023-12-28T23:34:38+03:00" level=info msg="read application configuration" func="github.com/stonik02/proxy_service/internal/config.GetConfig.func1()" file="config.go:25"
time="2023-12-28T23:34:38+03:00" level=info func="github.com/stonik02/proxy_service/internal/config.GetConfig.func1()" file="config.go:30"
time="2023-12-28T23:34:38+03:00" level=fatal msg="open config.yaml: The system cannot find the file specified." func="github.com/stonik02/proxy_service/internal/config.GetConfig.func1()" file="config.go:31"
time="2023-12-28T23:36:10+03:00" level=info msg="create router" func="main.main()" file="app.go:18"
time="2023-12-28T23:36:10+03:00" level=info msg="read application configuration" func="github.com/stonik02/proxy_service/internal/config.GetConfig.func1()" file="config.go:25"
time="2023-12-28T23:36:10+03:00" level=info func="github.com/stonik02/proxy_service/internal/config.GetConfig.func1()" file="config.go:30"
time="2023-12-28T23:36:10+03:00" level=fatal msg="open config.yml: The system cannot find the file specified." func="github.com/stonik02/proxy_service/internal/config.GetConfig.func1()" file="config.go:31"
time="2023-12-28T23:37:23+03:00" level=info msg="create router" func="main.main()" file="app.go:18"
time="2023-12-28T23:37:23+03:00" level=info msg="read application configuration" func="github.com/stonik02/proxy_service/internal/config.GetConfig.func1()" file="config.go:25"
time="2023-12-28T23:37:23+03:00" level=info func="github.com/stonik02/proxy_service/internal/config.GetConfig.func1()" file="config.go:30"
time="2023-12-28T23:37:23+03:00" level=fatal msg="open config.yml: The system cannot find the file specified." func="github.com/stonik02/proxy_service/internal/config.GetConfig.func1()" file="config.go:31"
time="2023-12-28T23:38:49+03:00" level=info msg="create router" func="main.main()" file="app.go:18"
time="2023-12-28T23:38:49+03:00" level=info msg="read application configuration" func="github.com/stonik02/proxy_service/internal/config.GetConfig.func1()" file="config.go:25"
time="2023-12-28T23:38:49+03:00" level=info func="github.com/stonik02/proxy_service/internal/config.GetConfig.func1()" file="config.go:30"
time="2023-12-28T23:38:49+03:00" level=fatal msg="open config.yml: The system cannot find the file specified." func="github.com/stonik02/proxy_service/internal/config.GetConfig.func1()" file="config.go:31"
time="2023-12-28T23:39:35+03:00" level=info msg="create router" func="main.main()" file="app.go:18"
time="2023-12-28T23:39:35+03:00" level=info msg="read application configuration" func="github.com/stonik02/proxy_service/internal/config.GetConfig.func1()" file="config.go:25"
time="2023-12-28T23:39:35+03:00" level=info func="github.com/stonik02/proxy_service/internal/config.GetConfig.func1()" file="config.go:30"
time="2023-12-28T23:39:35+03:00" level=fatal msg="open config.yml: The system cannot find the file specified." func="github.com/stonik02/proxy_service/internal/config.GetConfig.func1()" file="config.go:31"
time="2023-12-28T23:40:34+03:00" level=info msg="create router" func="main.main()" file="app.go:18"
time="2023-12-28T23:40:34+03:00" level=info msg="read application configuration" func="github.com/stonik02/proxy_service/internal/config.GetConfig.func1()" file="config.go:25"
time="2023-12-28T23:40:34+03:00" level=info func="github.com/stonik02/proxy_service/internal/config.GetConfig.func1()" file="config.go:30"
time="2023-12-28T23:40:34+03:00" level=fatal msg="open config.yml: The system cannot find the file specified." func="github.com/stonik02/proxy_service/internal/config.GetConfig.func1()" file="config.go:31"
time="2023-12-28T23:40:47+03:00" level=info msg="create router" func="main.main()" file="app.go:18"
time="2023-12-28T23:40:47+03:00" level=info msg="read application configuration" func="github.com/stonik02/proxy_service/internal/config.GetConfig.func1()" file="config.go:25"
time="2023-12-28T23:40:47+03:00" level=info func="github.com/stonik02/proxy_service/internal/config.GetConfig.func1()" file="config.go:30"
time="2023-12-28T23:40:47+03:00" level=fatal msg="open /config.yml: The system cannot find the file specified." func="github.com/stonik02/proxy_service/internal/config.GetConfig.func1()" file="config.go:31"
time="2023-12-28T23:41:20+03:00" level=info msg="create router" func="main.main()" file="app.go:18"
time="2023-12-28T23:41:20+03:00" level=info msg="read application configuration" func="github.com/stonik02/proxy_service/internal/config.GetConfig.func1()" file="config.go:27"
time="2023-12-28T23:41:20+03:00" level=info func="github.com/stonik02/proxy_service/internal/config.GetConfig.func1()" file="config.go:32"
time="2023-12-28T23:41:20+03:00" level=fatal msg="file format '' doesn't supported by the parser" func="github.com/stonik02/proxy_service/internal/config.GetConfig.func1()" file="config.go:33"
time="2023-12-28T23:42:40+03:00" level=info msg="create router" func="main.main()" file="app.go:18"
time="2023-12-28T23:42:40+03:00" level=info msg="read application configuration" func="github.com/stonik02/proxy_service/internal/config.GetConfig.func1()" file="config.go:28"
time="2023-12-28T23:42:40+03:00" level=info func="github.com/stonik02/proxy_service/internal/config.GetConfig.func1()" file="config.go:33"
time="2023-12-28T23:42:40+03:00" level=fatal msg="open C:\\Users\\Denis\\AppData\\Local\\Temp\\go-build4116679895\\b001\\exe/config.yml: The system cannot find the file specified." func="github.com/stonik02/proxy_service/internal/config.GetConfig.func1()" file="config.go:34"
time="2023-12-29T00:11:46+03:00" level=info msg="create router" func="main.main()" file="app.go:18"
time="2023-12-29T00:11:46+03:00" level=info msg="read application configuration" func="github.com/stonik02/proxy_service/internal/config.GetConfig.func1()" file="config.go:28"
time="2023-12-29T00:11:46+03:00" level=info func="github.com/stonik02/proxy_service/internal/config.GetConfig.func1()" file="config.go:33"
time="2023-12-29T00:11:46+03:00" level=fatal msg="open C:\\Users\\Denis\\AppData\\Local\\Temp\\go-build3640455654\\b001\\exe/config.yml: The system cannot find the file specified." func="github.com/stonik02/proxy_service/internal/config.GetConfig.func1()" file="config.go:34"
time="2023-12-29T00:12:29+03:00" level=info msg="create router" func="main.main()" file="app.go:18"
time="2023-12-29T00:12:29+03:00" level=info msg="read application configuration" func="github.com/stonik02/proxy_service/internal/config.GetConfig.func1()" file="config.go:25"
time="2023-12-29T00:12:29+03:00" level=info func="github.com/stonik02/proxy_service/internal/config.GetConfig.func1()" file="config.go:30"
time="2023-12-29T00:12:29+03:00" level=fatal msg="open config.yml: The system cannot find the file specified." func="github.com/stonik02/proxy_service/internal/config.GetConfig.func1()" file="config.go:31"
time="2023-12-29T00:13:37+03:00" level=info msg="create router" func="main.main()" file="app.go:18"
time="2023-12-29T00:13:37+03:00" level=info msg="read application configuration" func="github.com/stonik02/proxy_service/internal/config.GetConfig.func1()" file="config.go:25"
time="2023-12-29T00:13:37+03:00" level=info func="github.com/stonik02/proxy_service/internal/config.GetConfig.func1()" file="config.go:30"
time="2023-12-29T00:13:37+03:00" level=fatal msg="open config.yml: The system cannot find the file specified." func="github.com/stonik02/proxy_service/internal/config.GetConfig.func1()" file="config.go:31"
time="2023-12-29T00:15:11+03:00" level=info msg="create router" func="main.main()" file="app.go:18"
time="2023-12-29T00:15:11+03:00" level=info msg="read application configuration" func="github.com/stonik02/proxy_service/internal/config.GetConfig.func1()" file="config.go:25"
time="2023-12-29T00:15:11+03:00" level=info func="github.com/stonik02/proxy_service/internal/config.GetConfig.func1()" file="config.go:30"
time="2023-12-29T00:15:11+03:00" level=fatal msg="open config.yml: The system cannot find the file specified." func="github.com/stonik02/proxy_service/internal/config.GetConfig.func1()" file="config.go:31"
time="2023-12-29T00:18:00+03:00" level=info msg="create router" func="main.main()" file="app.go:18"
time="2023-12-29T00:18:00+03:00" level=info msg="read application configuration" func="github.com/stonik02/proxy_service/internal/config.GetConfig.func1()" file="config.go:27"
time="2023-12-29T00:18:00+03:00" level=info func="github.com/stonik02/proxy_service/internal/config.GetConfig.func1()" file="config.go:38"
time="2023-12-29T00:18:00+03:00" level=fatal msg="open config.yml: The system cannot find the file specified." func="github.com/stonik02/proxy_service/internal/config.GetConfig.func1()" file="config.go:39"
time="2023-12-29T00:24:27+03:00" level=info msg="create router" func="main.main()" file="app.go:18"
time="2023-12-29T00:24:27+03:00" level=info msg="read application configuration" func="github.com/stonik02/proxy_service/internal/config.GetConfig.func1()" file="config.go:34"
time="2023-12-29T00:24:27+03:00" level=info func="github.com/stonik02/proxy_service/internal/config.GetConfig.func1()" file="config.go:38"
time="2023-12-29T00:24:27+03:00" level=fatal msg="open config.yml: The system cannot find the file specified." func="github.com/stonik02/proxy_service/internal/config.GetConfig.func1()" file="config.go:39"
time="2023-12-29T00:25:17+03:00" level=info msg="create router" func="main.main()" file="app.go:18"
time="2023-12-29T00:25:17+03:00" level=info msg="read application configuration" func="github.com/stonik02/proxy_service/internal/config.GetConfig.func1()" file="config.go:34"
time="2023-12-29T00:25:17+03:00" level=info msg="register user handler" func="main.main()" file="app.go:23"
time="2023-12-29T00:25:17+03:00" level=info msg="start application" func="main.start()" file="app.go:32"
time="2023-12-29T00:25:17+03:00" level=info msg="server is listening on port :8080" func="main.start()" file="app.go:46"
time="2023-12-29T00:26:17+03:00" level=info msg="create router" func="main.main()" file="app.go:18"
time="2023-12-29T00:26:17+03:00" level=info msg="read application configuration" func="github.com/stonik02/proxy_service/internal/config.GetConfig.func1()" file="config.go:34"
time="2023-12-29T00:26:17+03:00" level=info msg="register user handler" func="main.main()" file="app.go:23"
time="2023-12-29T00:26:17+03:00" level=info msg="start application" func="main.start()" file="app.go:32"
time="2023-12-29T00:26:47+03:00" level=info msg="create router" func="main.main()" file="app.go:18"
time="2023-12-29T00:26:47+03:00" level=info msg="read application configuration" func="github.com/stonik02/proxy_service/internal/config.GetConfig.func1()" file="config.go:34"
time="2023-12-29T00:26:47+03:00" level=info msg="register user handler" func="main.main()" file="app.go:23"
time="2023-12-29T00:26:47+03:00" level=info msg="start application" func="main.start()" file="app.go:32"
time="2023-12-29T00:26:47+03:00" level=info msg="server is listening on port :8080" func="main.start()" file="app.go:48"
time="2023-12-29T00:26:56+03:00" level=info msg="create router" func="main.main()" file="app.go:18"
time="2023-12-29T00:26:56+03:00" level=info msg="read application configuration" func="github.com/stonik02/proxy_service/internal/config.GetConfig.func1()" file="config.go:34"
time="2023-12-29T00:26:56+03:00" level=info msg="register user handler" func="main.main()" file="app.go:23"
time="2023-12-29T00:26:56+03:00" level=info msg="start application" func="main.start()" file="app.go:32"
time="2023-12-29T00:26:56+03:00" level=info msg="server is listening on port :8080" func="main.start()" file="app.go:48"
time="2023-12-29T00:27:34+03:00" level=info msg="create router" func="main.main()" file="app.go:18"
time="2023-12-29T00:27:34+03:00" level=info msg="read application configuration" func="github.com/stonik02/proxy_service/internal/config.GetConfig.func1()" file="config.go:34"
time="2023-12-29T00:27:34+03:00" level=info msg="register user handler" func="main.main()" file="app.go:23"
time="2023-12-29T00:27:34+03:00" level=info msg="start application" func="main.start()" file="app.go:32"
time="2023-12-29T00:27:34+03:00" level=info msg="server is listening on port :8080" func="main.start()" file="app.go:48"
time="2023-12-29T00:28:12+03:00" level=info msg="create router" func="main.main()" file="app.go:18"
time="2023-12-29T00:28:12+03:00" level=info msg="read application configuration" func="github.com/stonik02/proxy_service/internal/config.GetConfig.func1()" file="config.go:34"
time="2023-12-29T00:28:12+03:00" level=info msg="register user handler" func="main.main()" file="app.go:23"
time="2023-12-29T00:28:12+03:00" level=info msg="start application" func="main.start()" file="app.go:32"
time="2023-12-29T00:28:12+03:00" level=info msg="server is listening on port :8080" func="main.start()" file="app.go:48"
time="2023-12-29T00:53:51+03:00" level=info msg="create router" func="main.main()" file="app.go:18"
time="2023-12-29T00:53:51+03:00" level=info msg="read application configuration" func="github.com/stonik02/proxy_service/internal/config.GetConfig.func1()" file="config.go:34"
time="2023-12-29T00:53:51+03:00" level=info msg="register user handler" func="main.main()" file="app.go:23"
time="2023-12-29T00:53:51+03:00" level=info msg="start application" func="main.start()" file="app.go:32"
time="2023-12-29T00:53:51+03:00" level=info msg="server is listening on port :8080" func="main.start()" file="app.go:48"
time="2023-12-31T15:19:36+03:00" level=info msg="create router" func="main.main()" file="app.go:18"
time="2023-12-31T15:19:36+03:00" level=info msg="read application configuration" func="github.com/stonik02/proxy_service/internal/config.GetConfig.func1()" file="config.go:34"
time="2023-12-31T15:19:36+03:00" level=info msg="register user handler" func="main.main()" file="app.go:23"
time="2023-12-31T15:19:36+03:00" level=info msg="start application" func="main.start()" file="app.go:32"
time="2023-12-31T15:19:36+03:00" level=info msg="server is listening on port :8080" func="main.start()" file="app.go:48"
time="2023-12-31T15:20:58+03:00" level=info msg="create router" func="main.main()" file="app.go:18"
time="2023-12-31T15:20:58+03:00" level=info msg="read application configuration" func="github.com/stonik02/proxy_service/internal/config.GetConfig.func1()" file="config.go:34"
time="2023-12-31T15:20:58+03:00" level=info msg="register user handler" func="main.main()" file="app.go:23"
time="2023-12-31T15:20:58+03:00" level=info msg="start application" func="main.start()" file="app.go:32"
time="2023-12-31T15:20:58+03:00" level=info msg="server is listening on port :8080" func="main.start()" file="app.go:48"
time="2023-12-31T15:21:40+03:00" level=info msg="create router" func="main.main()" file="app.go:18"
time="2023-12-31T15:21:40+03:00" level=info msg="read application configuration" func="github.com/stonik02/proxy_service/internal/config.GetConfig.func1()" file="config.go:34"
time="2023-12-31T15:21:40+03:00" level=info msg="register user handler" func="main.main()" file="app.go:23"
time="2023-12-31T15:21:40+03:00" level=info msg="start application" func="main.start()" file="app.go:34"
time="2023-12-31T15:21:40+03:00" level=info msg="server is listening on port :8080" func="main.start()" file="app.go:50"
time="2023-12-31T15:22:44+03:00" level=info msg="create router" func="main.main()" file="app.go:18"
time="2023-12-31T15:22:44+03:00" level=info msg="read application configuration" func="github.com/stonik02/proxy_service/internal/config.GetConfig.func1()" file="config.go:34"
time="2023-12-31T15:22:44+03:00" level=info msg="register user handler" func="main.main()" file="app.go:23"
time="2023-12-31T15:22:44+03:00" level=info msg="start application" func="main.start()" file="app.go:32"
time="2023-12-31T15:22:44+03:00" level=info msg="server is listening on port : :8081" func="main.start()" file="app.go:48"
time="2023-12-31T15:30:57+03:00" level=info msg="create router" func="main.main()" file="app.go:18"
time="2023-12-31T15:30:57+03:00" level=info msg="read application configuration" func="github.com/stonik02/proxy_service/internal/config.GetConfig.func1()" file="config.go:34"
time="2023-12-31T15:30:57+03:00" level=info msg="register user handler" func="main.main()" file="app.go:23"
time="2023-12-31T15:30:57+03:00" level=info msg="start application" func="main.start()" file="app.go:32"
time="2023-12-31T15:30:57+03:00" level=info msg="server is listening on port : :8080" func="main.start()" file="app.go:48"
time="2023-12-31T15:59:52+03:00" level=info msg="create router" func="main.main()" file="app.go:20"
time="2023-12-31T15:59:52+03:00" level=info msg="read application configuration" func="github.com/stonik02/proxy_service/internal/config.GetConfig.func1()" file="config.go:34"
time="2023-12-31T15:59:52+03:00" level=info msg="register user handler" func="main.main()" file="app.go:25"
time="2023-12-31T15:59:52+03:00" level=info msg="start application" func="main.start()" file="app.go:40"
time="2023-12-31T15:59:52+03:00" level=info msg="server is listening on port : :8080" func="main.start()" file="app.go:56"
time="2023-12-31T16:00:38+03:00" level=info msg="create router" func="main.main()" file="app.go:20"
time="2023-12-31T16:00:38+03:00" level=info msg="read application configuration" func="github.com/stonik02/proxy_service/internal/config.GetConfig.func1()" file="config.go:34"
time="2023-12-31T16:00:38+03:00" level=info msg="register user handler" func="main.main()" file="app.go:25"
time="2023-12-31T16:00:38+03:00" level=info msg="start application" func="main.start()" file="app.go:40"
time="2023-12-31T16:00:38+03:00" level=info msg="server is listening on port : :8080" func="main.start()" file="app.go:56"
time="2023-12-31T16:01:01+03:00" level=info msg="create router" func="main.main()" file="app.go:20"
time="2023-12-31T16:01:01+03:00" level=info msg="read application configuration" func="github.com/stonik02/proxy_service/internal/config.GetConfig.func1()" file="config.go:34"
time="2023-12-31T16:01:01+03:00" level=info msg="register user handler" func="main.main()" file="app.go:25"
time="2023-12-31T16:01:01+03:00" level=info msg="start application" func="main.start()" file="app.go:40"
time="2023-12-31T16:01:01+03:00" level=info msg="server is listening on port : :8080" func="main.start()" file="app.go:56"
time="2023-12-31T16:20:13+03:00" level=info msg="create router" func="main.main()" file="app.go:21"
time="2023-12-31T16:20:13+03:00" level=info msg="read application configuration" func="github.com/stonik02/proxy_service/internal/config.GetConfig.func1()" file="config.go:34"
time="2023-12-31T16:20:13+03:00" level=info msg="register user handler" func="main.main()" file="app.go:26"
time="2023-12-31T16:20:13+03:00" level=info msg="start application" func="main.start()" file="app.go:43"
time="2023-12-31T16:20:13+03:00" level=info msg="server is listening on port : :8080" func="main.start()" file="app.go:59"
time="2023-12-31T16:44:14+03:00" level=info msg="create router" func="main.main()" file="app.go:21"
time="2023-12-31T16:44:14+03:00" level=info msg="read application configuration" func="github.com/stonik02/proxy_service/internal/config.GetConfig.func1()" file="config.go:34"
time="2023-12-31T16:44:14+03:00" level=info msg="register user handler" func="main.main()" file="app.go:32"
time="2023-12-31T16:44:14+03:00" level=info msg="start application" func="main.start()" file="app.go:47"
time="2023-12-31T16:44:14+03:00" level=info msg="server is listening on port : :8080" func="main.start()" file="app.go:63"
time="2023-12-31T16:50:15+03:00" level=info msg="create router" func="main.main()" file="app.go:21"
time="2023-12-31T16:50:15+03:00" level=info msg="read application configuration" func="github.com/stonik02/proxy_service/internal/config.GetConfig.func1()" file="config.go:34"
time="2023-12-31T16:50:15+03:00" level=info msg="register user handler" func="main.main()" file="app.go:32"
time="2023-12-31T16:50:15+03:00" level=error msg="SQL error: number of field descriptions must equal number of destinations, got 3 and 2" func="main.main()" file="app.go:52"
time="2023-12-31T16:50:15+03:00" level=info msg="start application" func="main.start()" file="app.go:64"
time="2023-12-31T16:50:15+03:00" level=info msg="server is listening on port : :8080" func="main.start()" file="app.go:80"
time="2023-12-31T16:50:45+03:00" level=info msg="create router" func="main.main()" file="app.go:21"
time="2023-12-31T16:50:45+03:00" level=info msg="read application configuration" func="github.com/stonik02/proxy_service/internal/config.GetConfig.func1()" file="config.go:34"
time="2023-12-31T16:50:45+03:00" level=info msg="register user handler" func="main.main()" file="app.go:32"
time="2023-12-31T16:50:45+03:00" level=error msg="SQL error: number of field descriptions must equal number of destinations, got 3 and 2" func="main.main()" file="app.go:52"
time="2023-12-31T16:50:45+03:00" level=info msg="start application" func="main.start()" file="app.go:64"
time="2023-12-31T16:50:45+03:00" level=info msg="server is listening on port : :8080" func="main.start()" file="app.go:80"
time="2023-12-31T16:52:13+03:00" level=info msg="create router" func="main.main()" file="app.go:21"
time="2023-12-31T16:52:13+03:00" level=info msg="read application configuration" func="github.com/stonik02/proxy_service/internal/config.GetConfig.func1()" file="config.go:34"
time="2023-12-31T16:52:13+03:00" level=info msg="register user handler" func="main.main()" file="app.go:32"
time="2023-12-31T16:52:13+03:00" level=info msg="start application" func="main.start()" file="app.go:64"
time="2023-12-31T16:52:13+03:00" level=info msg="server is listening on port : :8080" func="main.start()" file="app.go:80"
time="2023-12-31T17:01:27+03:00" level=info msg="create router" func="main.main()" file="app.go:21"
time="2023-12-31T17:01:27+03:00" level=info msg="read application configuration" func="github.com/stonik02/proxy_service/internal/config.GetConfig.func1()" file="config.go:34"
time="2023-12-31T17:01:27+03:00" level=info msg="register user handler" func="main.main()" file="app.go:32"
time="2023-12-31T17:01:27+03:00" level=info msg="start application" func="main.start()" file="app.go:64"
time="2023-12-31T17:01:27+03:00" level=info msg="server is listening on port : :8080" func="main.start()" file="app.go:80"
time="2023-12-31T19:27:47+03:00" level=info msg="create router" func="main.main()" file="app.go:21"
time="2023-12-31T19:27:47+03:00" level=info msg="read application configuration" func="github.com/stonik02/proxy_service/internal/config.GetConfig.func1()" file="config.go:34"
time="2023-12-31T19:27:47+03:00" level=info msg="register user handler" func="main.main()" file="app.go:32"
time="2023-12-31T19:27:47+03:00" level=info msg="start application" func="main.start()" file="app.go:64"
time="2023-12-31T19:27:47+03:00" level=info msg="server is listening on port : :8080" func="main.start()" file="app.go:80"
time="2023-12-31T19:36:45+03:00" level=info msg="create router" func="main.main()" file="app.go:21"
time="2023-12-31T19:36:45+03:00" level=info msg="read application configuration" func="github.com/stonik02/proxy_service/internal/config.GetConfig.func1()" file="config.go:34"
time="2023-12-31T19:36:45+03:00" level=info msg="register user handler" func="main.main()" file="app.go:32"
time="2023-12-31T19:36:45+03:00" level=info msg="start application" func="main.start()" file="app.go:64"
time="2023-12-31T19:36:45+03:00" level=info msg="server is listening on port : :8080" func="main.start()" file="app.go:80"
time="2023-12-31T19:38:18+03:00" level=info msg="create router" func="main.main()" file="app.go:21"
time="2023-12-31T19:38:18+03:00" level=info msg="read application configuration" func="github.com/stonik02/proxy_service/internal/config.GetConfig.func1()" file="config.go:34"
time="2023-12-31T19:38:18+03:00" level=info msg="register user handler" func="main.main()" file="app.go:32"
time="2023-12-31T19:38:18+03:00" level=info msg="start application" func="main.start()" file="app.go:64"
time="2023-12-31T19:38:18+03:00" level=info msg="server is listening on port : :8080" func="main.start()" file="app.go:80"
time="2023-12-31T19:41:06+03:00" level=info msg="create router" func="main.main()" file="app.go:21"
time="2023-12-31T19:41:06+03:00" level=info msg="read application configuration" func="github.com/stonik02/proxy_service/internal/config.GetConfig.func1()" file="config.go:34"
time="2023-12-31T19:41:06+03:00" level=info msg="register user handler" func="main.main()" file="app.go:32"
time="2023-12-31T19:41:06+03:00" level=info msg="start application" func="main.start()" file="app.go:64"
time="2023-12-31T19:41:06+03:00" level=info msg="server is listening on port : :8080" func="main.start()" file="app.go:80"
time="2023-12-31T19:43:40+03:00" level=info msg="create router" func="main.main()" file="app.go:21"
time="2023-12-31T19:43:40+03:00" level=info msg="read application configuration" func="github.com/stonik02/proxy_service/internal/config.GetConfig.func1()" file="config.go:34"
time="2023-12-31T19:43:40+03:00" level=info msg="register user handler" func="main.main()" file="app.go:32"
time="2023-12-31T19:43:40+03:00" level=info msg="start application" func="main.start()" file="app.go:64"
time="2023-12-31T19:43:40+03:00" level=info msg="server is listening on port : :8080" func="main.start()" file="app.go:80"
time="2023-12-31T19:44:07+03:00" level=info msg="create router" func="main.main()" file="app.go:21"
time="2023-12-31T19:44:07+03:00" level=info msg="read application configuration" func="github.com/stonik02/proxy_service/internal/config.GetConfig.func1()" file="config.go:34"
time="2023-12-31T19:44:07+03:00" level=info msg="register user handler" func="main.main()" file="app.go:32"
time="2023-12-31T19:44:07+03:00" level=info msg="start application" func="main.start()" file="app.go:64"
time="2023-12-31T19:44:07+03:00" level=info msg="server is listening on port : :8080" func="main.start()" file="app.go:80"
time="2023-12-31T19:52:36+03:00" level=info msg="create router" func="main.main()" file="app.go:21"
time="2023-12-31T19:52:36+03:00" level=info msg="read application configuration" func="github.com/stonik02/proxy_service/internal/config.GetConfig.func1()" file="config.go:34"
time="2023-12-31T19:52:36+03:00" level=info msg="register user handler" func="main.main()" file="app.go:32"
time="2023-12-31T19:52:36+03:00" level=info msg="start application" func="main.start()" file="app.go:64"
time="2023-12-31T19:52:36+03:00" level=info msg="server is listening on port : :8080" func="main.start()" file="app.go:80"
time="2023-12-31T19:52:44+03:00" level=trace msg="Get query: insert into public person (name, age) values ($1, $2) returning id" func="github.com/stonik02/proxy_service/internal/user.(*repository).Create()" file="postgresql.go:28"
time="2023-12-31T19:53:17+03:00" level=info msg="create router" func="main.main()" file="app.go:21"
time="2023-12-31T19:53:17+03:00" level=info msg="read application configuration" func="github.com/stonik02/proxy_service/internal/config.GetConfig.func1()" file="config.go:34"
time="2023-12-31T19:53:17+03:00" level=info msg="register user handler" func="main.main()" file="app.go:32"
time="2023-12-31T19:53:17+03:00" level=info msg="start application" func="main.start()" file="app.go:64"
time="2023-12-31T19:53:17+03:00" level=info msg="server is listening on port : :8080" func="main.start()" file="app.go:80"
time="2023-12-31T19:53:21+03:00" level=trace msg="Get query: insert into public person (name, age) values ($1, $2) returning id;" func="github.com/stonik02/proxy_service/internal/user.(*repository).Create()" file="postgresql.go:28"
time="2023-12-31T19:53:57+03:00" level=info msg="create router" func="main.main()" file="app.go:21"
time="2023-12-31T19:53:57+03:00" level=info msg="read application configuration" func="github.com/stonik02/proxy_service/internal/config.GetConfig.func1()" file="config.go:34"
time="2023-12-31T19:53:57+03:00" level=info msg="register user handler" func="main.main()" file="app.go:32"
time="2023-12-31T19:53:57+03:00" level=info msg="start application" func="main.start()" file="app.go:64"
time="2023-12-31T19:53:57+03:00" level=info msg="server is listening on port : :8080" func="main.start()" file="app.go:80"
time="2023-12-31T19:54:01+03:00" level=trace msg="Get query: insert into public.person (name, age) values ($1, $2) returning id;" func="github.com/stonik02/proxy_service/internal/user.(*repository).Create()" file="postgresql.go:28"
time="2023-12-31T20:06:48+03:00" level=info msg="create router" func="main.main()" file="app.go:21"
time="2023-12-31T20:06:48+03:00" level=info msg="read application configuration" func="github.com/stonik02/proxy_service/internal/config.GetConfig.func1()" file="config.go:34"
time="2023-12-31T20:06:49+03:00" level=info msg="register user handler" func="main.main()" file="app.go:32"
time="2023-12-31T20:06:49+03:00" level=info msg="start application" func="main.start()" file="app.go:64"
time="2023-12-31T20:06:49+03:00" level=info msg="server is listening on port : :8080" func="main.start()" file="app.go:80"
time="2023-12-31T20:07:06+03:00" level=trace msg="Get query: insert into public.person (name, age) values ($1, $2) returning id;" func="github.com/stonik02/proxy_service/internal/user.(*repository).Create()" file="postgresql.go:28"
time="2023-12-31T20:08:04+03:00" level=info msg="create router" func="main.main()" file="app.go:21"
time="2023-12-31T20:08:04+03:00" level=info msg="read application configuration" func="github.com/stonik02/proxy_service/internal/config.GetConfig.func1()" file="config.go:34"
time="2023-12-31T20:08:04+03:00" level=info msg="register user handler" func="main.main()" file="app.go:32"
time="2023-12-31T20:08:04+03:00" level=info msg="start application" func="main.start()" file="app.go:64"
time="2023-12-31T20:08:04+03:00" level=info msg="server is listening on port : :8080" func="main.start()" file="app.go:80"
time="2023-12-31T20:08:07+03:00" level=trace msg="Get query: insert into public.person (name, age) values ($1, $2) returning id;" func="github.com/stonik02/proxy_service/internal/user.(*repository).Create()" file="postgresql.go:28"
time="2023-12-31T20:09:28+03:00" level=info msg="create router" func="main.main()" file="app.go:21"
time="2023-12-31T20:09:28+03:00" level=info msg="read application configuration" func="github.com/stonik02/proxy_service/internal/config.GetConfig.func1()" file="config.go:34"
time="2023-12-31T20:09:28+03:00" level=info msg="register user handler" func="main.main()" file="app.go:32"
time="2023-12-31T20:09:28+03:00" level=info msg="start application" func="main.start()" file="app.go:64"
time="2023-12-31T20:09:28+03:00" level=info msg="server is listening on port : :8080" func="main.start()" file="app.go:80"
time="2023-12-31T20:09:33+03:00" level=trace msg="Get query: insert into public.person (name, age) values ($1, $2) returning id;" func="github.com/stonik02/proxy_service/internal/user.(*repository).Create()" file="postgresql.go:28"
time="2024-01-02T15:40:12+03:00" level=info msg="create router" func="main.main()" file="app.go:21"
time="2024-01-02T15:40:12+03:00" level=info msg="read application configuration" func="github.com/stonik02/proxy_service/internal/config.GetConfig.func1()" file="config.go:34"
time="2024-01-02T15:40:12+03:00" level=info msg="register user handler" func="main.main()" file="app.go:32"
time="2024-01-02T15:40:12+03:00" level=info msg="start application" func="main.start()" file="app.go:64"
time="2024-01-02T15:40:12+03:00" level=info msg="server is listening on port : :8080" func="main.start()" file="app.go:80"
time="2024-01-02T15:42:25+03:00" level=trace msg="Get query: select id, name, age from public.person where id = $1;" func="github.com/stonik02/proxy_service/internal/user.(*repository).FindOne()" file="postgresql.go:92"
time="2024-01-02T15:42:57+03:00" level=info msg="create router" func="main.main()" file="app.go:21"
time="2024-01-02T15:42:57+03:00" level=info msg="read application configuration" func="github.com/stonik02/proxy_service/internal/config.GetConfig.func1()" file="config.go:34"
time="2024-01-02T15:42:57+03:00" level=info msg="register user handler" func="main.main()" file="app.go:32"
time="2024-01-02T15:42:57+03:00" level=info msg="start application" func="main.start()" file="app.go:64"
time="2024-01-02T15:42:57+03:00" level=info msg="server is listening on port : :8080" func="main.start()" file="app.go:80"
time="2024-01-02T15:43:36+03:00" level=info msg="create router" func="main.main()" file="app.go:21"
time="2024-01-02T15:43:36+03:00" level=info msg="read application configuration" func="github.com/stonik02/proxy_service/internal/config.GetConfig.func1()" file="config.go:34"
time="2024-01-02T15:43:36+03:00" level=info msg="register user handler" func="main.main()" file="app.go:32"
time="2024-01-02T15:43:36+03:00" level=info msg="start application" func="main.start()" file="app.go:64"
time="2024-01-02T15:43:36+03:00" level=info msg="server is listening on port : :8080" func="main.start()" file="app.go:80"
time="2024-01-02T15:43:43+03:00" level=trace msg="Id = " func="github.com/stonik02/proxy_service/internal/user.(*handler).GetUserById()" file="handler.go:57"
time="2024-01-02T15:43:57+03:00" level=info msg="create router" func="main.main()" file="app.go:21"
time="2024-01-02T15:43:57+03:00" level=info msg="read application configuration" func="github.com/stonik02/proxy_service/internal/config.GetConfig.func1()" file="config.go:34"
time="2024-01-02T15:43:57+03:00" level=info msg="register user handler" func="main.main()" file="app.go:32"
time="2024-01-02T15:43:57+03:00" level=info msg="start application" func="main.start()" file="app.go:64"
time="2024-01-02T15:43:57+03:00" level=info msg="server is listening on port : :8080" func="main.start()" file="app.go:80"
time="2024-01-02T15:44:01+03:00" level=trace msg="Id = " func="github.com/stonik02/proxy_service/internal/user.(*handler).GetUserById()" file="handler.go:57"
time="2024-01-02T15:44:59+03:00" level=info msg="create router" func="main.main()" file="app.go:21"
time="2024-01-02T15:44:59+03:00" level=info msg="read application configuration" func="github.com/stonik02/proxy_service/internal/config.GetConfig.func1()" file="config.go:34"
time="2024-01-02T15:44:59+03:00" level=info msg="register user handler" func="main.main()" file="app.go:32"
time="2024-01-02T15:44:59+03:00" level=info msg="start application" func="main.start()" file="app.go:64"
time="2024-01-02T15:44:59+03:00" level=info msg="server is listening on port : :8080" func="main.start()" file="app.go:80"
time="2024-01-02T15:47:29+03:00" level=info msg="create router" func="main.main()" file="app.go:21"
time="2024-01-02T15:47:29+03:00" level=info msg="read application configuration" func="github.com/stonik02/proxy_service/internal/config.GetConfig.func1()" file="config.go:34"
time="2024-01-02T15:47:30+03:00" level=info msg="register user handler" func="main.main()" file="app.go:32"
time="2024-01-02T15:47:30+03:00" level=info msg="start application" func="main.start()" file="app.go:64"
time="2024-01-02T15:47:30+03:00" level=info msg="server is listening on port : :8080" func="main.start()" file="app.go:80"
time="2024-01-02T15:48:12+03:00" level=info msg="create router" func="main.main()" file="app.go:21"
time="2024-01-02T15:48:12+03:00" level=info msg="read application configuration" func="github.com/stonik02/proxy_service/internal/config.GetConfig.func1()" file="config.go:34"
time="2024-01-02T15:48:12+03:00" level=info msg="register user handler" func="main.main()" file="app.go:32"
time="2024-01-02T15:48:12+03:00" level=info msg="start application" func="main.start()" file="app.go:64"
time="2024-01-02T15:48:12+03:00" level=info msg="server is listening on port : :8080" func="main.start()" file="app.go:80"
time="2024-01-02T15:49:14+03:00" level=info msg="create router" func="main.main()" file="app.go:21"
time="2024-01-02T15:49:14+03:00" level=info msg="read application configuration" func="github.com/stonik02/proxy_service/internal/config.GetConfig.func1()" file="config.go:34"
time="2024-01-02T15:49:14+03:00" level=info msg="register user handler" func="main.main()" file="app.go:32"
time="2024-01-02T15:49:14+03:00" level=info msg="start application" func="main.start()" file="app.go:64"
time="2024-01-02T15:49:14+03:00" level=info msg="server is listening on port : :8080" func="main.start()" file="app.go:80"
time="2024-01-02T15:49:21+03:00" level=trace msg="Get query: select id, name, age from public.person where id = $1;" func="github.com/stonik02/proxy_service/internal/user.(*repository).FindOne()" file="postgresql.go:92"
time="2024-01-02T15:50:24+03:00" level=info msg="create router" func="main.main()" file="app.go:21"
time="2024-01-02T15:50:24+03:00" level=info msg="read application configuration" func="github.com/stonik02/proxy_service/internal/config.GetConfig.func1()" file="config.go:34"
time="2024-01-02T15:50:24+03:00" level=info msg="register user handler" func="main.main()" file="app.go:32"
time="2024-01-02T15:50:24+03:00" level=info msg="start application" func="main.start()" file="app.go:64"
time="2024-01-02T15:50:24+03:00" level=info msg="server is listening on port : :8080" func="main.start()" file="app.go:80"
time="2024-01-02T15:50:28+03:00" level=trace msg="Get query: select id, name, age from public.person where id = $1;" func="github.com/stonik02/proxy_service/internal/user.(*repository).FindOne()" file="postgresql.go:92"
time="2024-01-02T15:52:08+03:00" level=info msg="create router" func="main.main()" file="app.go:21"
time="2024-01-02T15:52:08+03:00" level=info msg="read application configuration" func="github.com/stonik02/proxy_service/internal/config.GetConfig.func1()" file="config.go:34"
time="2024-01-02T15:52:08+03:00" level=info msg="register user handler" func="main.main()" file="app.go:32"
time="2024-01-02T15:52:08+03:00" level=info msg="start application" func="main.start()" file="app.go:64"
time="2024-01-02T15:52:08+03:00" level=info msg="server is listening on port : :8080" func="main.start()" file="app.go:80"
time="2024-01-02T15:52:13+03:00" level=trace msg="Get query: select id, name, age from public.person where id = $1;" func="github.com/stonik02/proxy_service/internal/user.(*repository).FindOne()" file="postgresql.go:92"
time="2024-01-02T15:52:25+03:00" level=info msg="create router" func="main.main()" file="app.go:21"
time="2024-01-02T15:52:25+03:00" level=info msg="read application configuration" func="github.com/stonik02/proxy_service/internal/config.GetConfig.func1()" file="config.go:34"
time="2024-01-02T15:52:25+03:00" level=info msg="register user handler" func="main.main()" file="app.go:32"
time="2024-01-02T15:52:25+03:00" level=info msg="start application" func="main.start()" file="app.go:64"
time="2024-01-02T15:52:25+03:00" level=info msg="server is listening on port : :8080" func="main.start()" file="app.go:80"
time="2024-01-02T15:52:28+03:00" level=trace msg="Get query: select id, name, age from public.person where id = $1;" func="github.com/stonik02/proxy_service/internal/user.(*repository).FindOne()" file="postgresql.go:92"
time="2024-01-02T15:53:00+03:00" level=info msg="create router" func="main.main()" file="app.go:21"
time="2024-01-02T15:53:00+03:00" level=info msg="read application configuration" func="github.com/stonik02/proxy_service/internal/config.GetConfig.func1()" file="config.go:34"
time="2024-01-02T15:53:00+03:00" level=info msg="register user handler" func="main.main()" file="app.go:32"
time="2024-01-02T15:53:00+03:00" level=info msg="start application" func="main.start()" file="app.go:64"
time="2024-01-02T15:53:00+03:00" level=info msg="server is listening on port : :8080" func="main.start()" file="app.go:80"
time="2024-01-02T15:53:04+03:00" level=trace msg="Get query: select id, name, age from public.person where id = $1;" func="github.com/stonik02/proxy_service/internal/user.(*repository).FindOne()" file="postgresql.go:92"
time="2024-01-02T15:54:24+03:00" level=info msg="create router" func="main.main()" file="app.go:21"
time="2024-01-02T15:54:24+03:00" level=info msg="read application configuration" func="github.com/stonik02/proxy_service/internal/config.GetConfig.func1()" file="config.go:34"
time="2024-01-02T15:54:24+03:00" level=info msg="register user handler" func="main.main()" file="app.go:32"
time="2024-01-02T15:54:24+03:00" level=info msg="start application" func="main.start()" file="app.go:64"
time="2024-01-02T15:54:24+03:00" level=info msg="server is listening on port : :8080" func="main.start()" file="app.go:80"
time="2024-01-02T15:54:27+03:00" level=trace msg="Get query: select id, name, age from public.person where id = `$1`;" func="github.com/stonik02/proxy_service/internal/user.(*repository).FindOne()" file="postgresql.go:92"
time="2024-01-02T15:54:27+03:00" level=error msg="SQL error: %sОШИБКА: ошибка синтаксиса (примерное положение: \";\") (SQLSTATE 42601)" func="github.com/stonik02/proxy_service/internal/user.(*repository).FindOne()" file="postgresql.go:96"
time="2024-01-02T15:54:27+03:00" level=error msg="Error: SQL error: ОШИБКА: ошибка синтаксиса (примерное положение: \";\") (SQLSTATE 42601)" func="github.com/stonik02/proxy_service/internal/user.(*handler).GetUserById()" file="handler.go:59"
time="2024-01-02T15:55:13+03:00" level=info msg="create router" func="main.main()" file="app.go:21"
time="2024-01-02T15:55:13+03:00" level=info msg="read application configuration" func="github.com/stonik02/proxy_service/internal/config.GetConfig.func1()" file="config.go:34"
time="2024-01-02T15:55:13+03:00" level=info msg="register user handler" func="main.main()" file="app.go:32"
time="2024-01-02T15:55:13+03:00" level=info msg="start application" func="main.start()" file="app.go:64"
time="2024-01-02T15:55:13+03:00" level=info msg="server is listening on port : :8080" func="main.start()" file="app.go:80"
time="2024-01-02T15:55:16+03:00" level=trace msg="Get query: select id, name, age from public.person where id = '$1';" func="github.com/stonik02/proxy_service/internal/user.(*repository).FindOne()" file="postgresql.go:92"
time="2024-01-02T15:55:16+03:00" level=error msg="SQL error: %sОШИБКА: неверный синтаксис для типа uuid: \"$1\" (SQLSTATE 22P02)" func="github.com/stonik02/proxy_service/internal/user.(*repository).FindOne()" file="postgresql.go:96"
time="2024-01-02T15:55:16+03:00" level=error msg="Error: SQL error: ОШИБКА: неверный синтаксис для типа uuid: \"$1\" (SQLSTATE 22P02)" func="github.com/stonik02/proxy_service/internal/user.(*handler).GetUserById()" file="handler.go:59"
time="2024-01-02T15:58:33+03:00" level=info msg="create router" func="main.main()" file="app.go:21"
time="2024-01-02T15:58:33+03:00" level=info msg="read application configuration" func="github.com/stonik02/proxy_service/internal/config.GetConfig.func1()" file="config.go:34"
time="2024-01-02T15:58:34+03:00" level=info msg="register user handler" func="main.main()" file="app.go:32"
time="2024-01-02T15:58:34+03:00" level=info msg="start application" func="main.start()" file="app.go:64"
time="2024-01-02T15:58:34+03:00" level=info msg="server is listening on port : :8080" func="main.start()" file="app.go:80"
time="2024-01-02T15:58:37+03:00" level=trace msg="Get query: select id, name, age from public.person where id = '$1';" func="github.com/stonik02/proxy_service/internal/user.(*repository).FindOne()" file="postgresql.go:92"
time="2024-01-02T15:59:13+03:00" level=info msg="create router" func="main.main()" file="app.go:21"
time="2024-01-02T15:59:13+03:00" level=info msg="read application configuration" func="github.com/stonik02/proxy_service/internal/config.GetConfig.func1()" file="config.go:34"
time="2024-01-02T15:59:13+03:00" level=info msg="register user handler" func="main.main()" file="app.go:32"
time="2024-01-02T15:59:13+03:00" level=info msg="start application" func="main.start()" file="app.go:64"
time="2024-01-02T15:59:13+03:00" level=info msg="server is listening on port : :8080" func="main.start()" file="app.go:80"
time="2024-01-02T15:59:20+03:00" level=trace msg="Get query: select id, name, age from public.person where id = $1;" func="github.com/stonik02/proxy_service/internal/user.(*repository).FindOne()" file="postgresql.go:92"
time="2024-01-02T15:59:40+03:00" level=info msg="create router" func="main.main()" file="app.go:21"
time="2024-01-02T15:59:40+03:00" level=info msg="read application configuration" func="github.com/stonik02/proxy_service/internal/config.GetConfig.func1()" file="config.go:34"
time="2024-01-02T15:59:40+03:00" level=info msg="register user handler" func="main.main()" file="app.go:32"
time="2024-01-02T15:59:40+03:00" level=info msg="start application" func="main.start()" file="app.go:64"
time="2024-01-02T15:59:40+03:00" level=info msg="server is listening on port : :8080" func="main.start()" file="app.go:80"
time="2024-01-02T15:59:42+03:00" level=trace msg="Get query: select id, name, age from public.person where id = $1;" func="github.com/stonik02/proxy_service/internal/user.(*repository).FindOne()" file="postgresql.go:92"
time="2024-01-02T16:01:11+03:00" level=info msg="create router" func="main.main()" file="app.go:21"
time="2024-01-02T16:01:11+03:00" level=info msg="read application configuration" func="github.com/stonik02/proxy_service/internal/config.GetConfig.func1()" file="config.go:34"
time="2024-01-02T16:01:11+03:00" level=info msg="register user handler" func="main.main()" file="app.go:32"
time="2024-01-02T16:01:11+03:00" level=info msg="start application" func="main.start()" file="app.go:64"
time="2024-01-02T16:01:11+03:00" level=info msg="server is listening on port : :8080" func="main.start()" file="app.go:80"
time="2024-01-02T16:01:14+03:00" level=trace msg="Get query: select id, name, age from public.person where id = $1;" func="github.com/stonik02/proxy_service/internal/user.(*repository).FindOne()" file="postgresql.go:92"
time="2024-01-02T16:03:04+03:00" level=trace msg="Get query: select id, name, age from public.person where id = $1;" func="github.com/stonik02/proxy_service/internal/user.(*repository).FindOne()" file="postgresql.go:92"
time="2024-01-02T16:03:04+03:00" level=trace msg="Get query: select id, name, age from public.person where id = $1;" func="github.com/stonik02/proxy_service/internal/user.(*repository).FindOne()" file="postgresql.go:92"
time="2024-01-02T16:04:55+03:00" level=info msg="create router" func="main.main()" file="app.go:21"
time="2024-01-02T16:04:55+03:00" level=info msg="read application configuration" func="github.com/stonik02/proxy_service/internal/config.GetConfig.func1()" file="config.go:34"
time="2024-01-02T16:04:55+03:00" level=info msg="register user handler" func="main.main()" file="app.go:32"
time="2024-01-02T16:04:55+03:00" level=info msg="start application" func="main.start()" file="app.go:64"
time="2024-01-02T16:04:55+03:00" level=info msg="server is listening on port : :8080" func="main.start()" file="app.go:80"
time="2024-01-02T16:04:59+03:00" level=trace msg="Get query: select id, name, age from public.person where id = $1;" func="github.com/stonik02/proxy_service/internal/user.(*repository).FindOne()" file="postgresql.go:92"
time="2024-01-02T16:04:59+03:00" level=error msg="Error: User does not exist" func="github.com/stonik02/proxy_service/internal/user.(*handler).GetUserById()" file="handler.go:59"
time="2024-01-02T16:05:29+03:00" level=trace msg="Get query: select id, name, age from public.person where id = $1;" func="github.com/stonik02/proxy_service/internal/user.(*repository).FindOne()" file="postgresql.go:92"
time="2024-01-02T16:05:29+03:00" level=error msg="Error: User does not exist" func="github.com/stonik02/proxy_service/internal/user.(*handler).GetUserById()" file="handler.go:59"
time="2024-01-02T22:23:49+03:00" level=info msg="create router" func="main.main()" file="app.go:21"
time="2024-01-02T22:23:49+03:00" level=info msg="read application configuration" func="github.com/stonik02/proxy_service/internal/config.GetConfig.func1()" file="config.go:34"
time="2024-01-02T22:23:49+03:00" level=info msg="register user handler" func="main.main()" file="app.go:32"
time="2024-01-02T22:23:49+03:00" level=info msg="start application" func="main.start()" file="app.go:64"
time="2024-01-02T22:23:49+03:00" level=info msg="server is listening on port : :8080" func="main.start()" file="app.go:80"
time="2024-01-02T22:25:30+03:00" level=info msg="create router" func="main.main()" file="app.go:21"
time="2024-01-02T22:25:30+03:00" level=info msg="read application configuration" func="github.com/stonik02/proxy_service/internal/config.GetConfig.func1()" file="config.go:34"
time="2024-01-02T22:25:30+03:00" level=info msg="register user handler" func="main.main()" file="app.go:32"
time="2024-01-02T22:25:30+03:00" level=info msg="start application" func="main.start()" file="app.go:64"
time="2024-01-02T22:25:30+03:00" level=info msg="server is listening on port : :8080" func="main.start()" file="app.go:80"
time="2024-01-02T22:26:17+03:00" level=trace msg="Get query: select id, name, age from public.person where id = $1" func="github.com/stonik02/proxy_service/internal/user.(*repository).Update()" file="postgresql.go:123"
time="2024-01-02T22:26:17+03:00" level=error msg="expected 3 arguments, got 2" func="github.com/stonik02/proxy_service/internal/user.(*repository).Update()" file="postgresql.go:137"
time="2024-01-02T22:27:19+03:00" level=info msg="create router" func="main.main()" file="app.go:21"
time="2024-01-02T22:27:19+03:00" level=info msg="read application configuration" func="github.com/stonik02/proxy_service/internal/config.GetConfig.func1()" file="config.go:34"
time="2024-01-02T22:27:20+03:00" level=info msg="register user handler" func="main.main()" file="app.go:32"
time="2024-01-02T22:27:20+03:00" level=info msg="start application" func="main.start()" file="app.go:64"
time="2024-01-02T22:27:20+03:00" level=info msg="server is listening on port : :8080" func="main.start()" file="app.go:80"
time="2024-01-02T22:27:24+03:00" level=trace msg="Get query: select id, name, age from public.person where id = $1" func="github.com/stonik02/proxy_service/internal/user.(*repository).Update()" file="postgresql.go:123"
time="2024-01-02T22:27:24+03:00" level=error msg="no rows in result set" func="github.com/stonik02/proxy_service/internal/user.(*repository).Update()" file="postgresql.go:137"
time="2024-01-02T22:28:11+03:00" level=info msg="create router" func="main.main()" file="app.go:21"
time="2024-01-02T22:28:11+03:00" level=info msg="read application configuration" func="github.com/stonik02/proxy_service/internal/config.GetConfig.func1()" file="config.go:34"
time="2024-01-02T22:28:11+03:00" level=info msg="register user handler" func="main.main()" file="app.go:32"
time="2024-01-02T22:28:11+03:00" level=info msg="start application" func="main.start()" file="app.go:64"
time="2024-01-02T22:28:11+03:00" level=info msg="server is listening on port : :8080" func="main.start()" file="app.go:80"
time="2024-01-02T22:28:14+03:00" level=trace msg="Get query: select id, name, age from public.person where id = $1" func="github.com/stonik02/proxy_service/internal/user.(*repository).Update()" file="postgresql.go:123"
time="2024-01-02T22:28:14+03:00" level=error msg="no rows in result set" func="github.com/stonik02/proxy_service/internal/user.(*repository).Update()" file="postgresql.go:138"
time="2024-01-02T22:28:55+03:00" level=info msg="create router" func="main.main()" file="app.go:21"
time="2024-01-02T22:28:55+03:00" level=info msg="read application configuration" func="github.com/stonik02/proxy_service/internal/config.GetConfig.func1()" file="config.go:34"
time="2024-01-02T22:28:55+03:00" level=info msg="register user handler" func="main.main()" file="app.go:32"
time="2024-01-02T22:28:55+03:00" level=info msg="start application" func="main.start()" file="app.go:64"
time="2024-01-02T22:28:55+03:00" level=info msg="server is listening on port : :8080" func="main.start()" file="app.go:80"
time="2024-01-02T22:28:58+03:00" level=trace msg="Get query: select id, name, age from public.person where id = $1" func="github.com/stonik02/proxy_service/internal/user.(*repository).Update()" file="postgresql.go:123"
time="2024-01-02T22:28:58+03:00" level=error msg="no rows in result set" func="github.com/stonik02/proxy_service/internal/user.(*repository).Update()" file="postgresql.go:138"
time="2024-01-02T22:29:10+03:00" level=info msg="create router" func="main.main()" file="app.go:21"
time="2024-01-02T22:29:10+03:00" level=info msg="read application configuration" func="github.com/stonik02/proxy_service/internal/config.GetConfig.func1()" file="config.go:34"
time="2024-01-02T22:29:11+03:00" level=info msg="register user handler" func="main.main()" file="app.go:32"
time="2024-01-02T22:29:11+03:00" level=info msg="start application" func="main.start()" file="app.go:64"
time="2024-01-02T22:29:11+03:00" level=info msg="server is listening on port : :8080" func="main.start()" file="app.go:80"
time="2024-01-02T22:29:13+03:00" level=trace msg="Get query: select id, name, age from public.person where id = $1" func="github.com/stonik02/proxy_service/internal/user.(*repository).Update()" file="postgresql.go:123"
time="2024-01-02T22:29:13+03:00" level=error msg="no rows in result set" func="github.com/stonik02/proxy_service/internal/user.(*repository).Update()" file="postgresql.go:138"
time="2024-01-02T22:30:05+03:00" level=info msg="create router" func="main.main()" file="app.go:21"
time="2024-01-02T22:30:05+03:00" level=info msg="read application configuration" func="github.com/stonik02/proxy_service/internal/config.GetConfig.func1()" file="config.go:34"
time="2024-01-02T22:30:05+03:00" level=info msg="register user handler" func="main.main()" file="app.go:32"
time="2024-01-02T22:30:05+03:00" level=info msg="start application" func="main.start()" file="app.go:64"
time="2024-01-02T22:30:05+03:00" level=info msg="server is listening on port : :8080" func="main.start()" file="app.go:80"
time="2024-01-02T22:30:08+03:00" level=trace msg="Get query: select id, name, age from public.person where id = $1" func="github.com/stonik02/proxy_service/internal/user.(*repository).Update()" file="postgresql.go:123"
time="2024-01-02T22:30:08+03:00" level=trace msg="Update query: select id, name, age from public.person where id = $1" func="github.com/stonik02/proxy_service/internal/user.(*repository).Update()" file="postgresql.go:136"
time="2024-01-02T22:30:08+03:00" level=error msg="no rows in result set" func="github.com/stonik02/proxy_service/internal/user.(*repository).Update()" file="postgresql.go:139"
time="2024-01-02T22:30:27+03:00" level=info msg="create router" func="main.main()" file="app.go:21"
time="2024-01-02T22:30:27+03:00" level=info msg="read application configuration" func="github.com/stonik02/proxy_service/internal/config.GetConfig.func1()" file="config.go:34"
time="2024-01-02T22:30:27+03:00" level=info msg="register user handler" func="main.main()" file="app.go:32"
time="2024-01-02T22:30:27+03:00" level=info msg="start application" func="main.start()" file="app.go:64"
time="2024-01-02T22:30:27+03:00" level=info msg="server is listening on port : :8080" func="main.start()" file="app.go:80"
time="2024-01-02T22:30:29+03:00" level=trace msg="Get query: select id, name, age from public.person where id = $1" func="github.com/stonik02/proxy_service/internal/user.(*repository).Update()" file="postgresql.go:123"
time="2024-01-02T22:30:29+03:00" level=trace msg="Update query: update public.person set (name, age) = ($1, $2) where id = $3" func="github.com/stonik02/proxy_service/internal/user.(*repository).Update()" file="postgresql.go:136"
time="2024-01-02T22:30:29+03:00" level=error msg="no rows in result set" func="github.com/stonik02/proxy_service/internal/user.(*repository).Update()" file="postgresql.go:139"
time="2024-01-02T22:30:49+03:00" level=info msg="create router" func="main.main()" file="app.go:21"
time="2024-01-02T22:30:49+03:00" level=info msg="read application configuration" func="github.com/stonik02/proxy_service/internal/config.GetConfig.func1()" file="config.go:34"
time="2024-01-02T22:30:49+03:00" level=info msg="register user handler" func="main.main()" file="app.go:32"
time="2024-01-02T22:30:49+03:00" level=info msg="start application" func="main.start()" file="app.go:64"
time="2024-01-02T22:30:49+03:00" level=info msg="server is listening on port : :8080" func="main.start()" file="app.go:80"
time="2024-01-02T22:30:52+03:00" level=trace msg="Get query: select id, name, age from public.person where id = $1;" func="github.com/stonik02/proxy_service/internal/user.(*repository).Update()" file="postgresql.go:123"
time="2024-01-02T22:30:52+03:00" level=trace msg="Update query: update public.person set (name, age) = ($1, $2) where id = $3;" func="github.com/stonik02/proxy_service/internal/user.(*repository).Update()" file="postgresql.go:136"
time="2024-01-02T22:30:52+03:00" level=error msg="no rows in result set" func="github.com/stonik02/proxy_service/internal/user.(*repository).Update()" file="postgresql.go:139"
time="2024-01-02T22:33:13+03:00" level=info msg="create router" func="main.main()" file="app.go:21"
time="2024-01-02T22:33:13+03:00" level=info msg="read application configuration" func="github.com/stonik02/proxy_service/internal/config.GetConfig.func1()" file="config.go:34"
time="2024-01-02T22:33:13+03:00" level=info msg="register user handler" func="main.main()" file="app.go:32"
time="2024-01-02T22:33:13+03:00" level=info msg="start application" func="main.start()" file="app.go:64"
time="2024-01-02T22:33:13+03:00" level=info msg="server is listening on port : :8080" func="main.start()" file="app.go:80"
time="2024-01-02T22:33:16+03:00" level=trace msg="Get query: select id, name, age from public.person where id = $1;" func="github.com/stonik02/proxy_service/internal/user.(*repository).Update()" file="postgresql.go:123"
time="2024-01-02T22:33:16+03:00" level=trace msg="Update query: update public.person set (name, age) = ($1, $2) where id = $3;" func="github.com/stonik02/proxy_service/internal/user.(*repository).Update()" file="postgresql.go:136"
time="2024-01-02T22:33:16+03:00" level=trace msg="&{0xc0001e16c0 0xc00027a510 [] {} <nil> false [] [] 0xc000236240 <nil> <nil> <nil> {{}} {13933353428738201312 3308689301 0xa4a120} update public.person set (name, age) = ($1, $2) where id = $3; [UpdateUser 21 be30ef0c-2ef9-48d6-bf5b-1c0ba4f2d2f3] 0}" func="github.com/stonik02/proxy_service/internal/user.(*repository).Update()" file="postgresql.go:138"
time="2024-01-02T23:34:51+03:00" level=info msg="create router" func="main.main()" file="app.go:21"
time="2024-01-02T23:34:51+03:00" level=info msg="read application configuration" func="github.com/stonik02/proxy_service/internal/config.GetConfig.func1()" file="config.go:34"
time="2024-01-02T23:34:51+03:00" level=info msg="register user handler" func="main.main()" file="app.go:32"
time="2024-01-02T23:34:51+03:00" level=info msg="start application" func="main.start()" file="app.go:64"
time="2024-01-02T23:34:51+03:00" level=info msg="server is listening on port : :8080" func="main.start()" file="app.go:80"
time="2024-01-03T16:42:56+03:00" level=info msg="create router" func="main.main()" file="app.go:22"
time="2024-01-03T16:42:56+03:00" level=info msg="read application configuration" func="github.com/stonik02/proxy_service/internal/config.GetConfig.func1()" file="config.go:34"
time="2024-01-03T16:42:56+03:00" level=info msg="register user handler" func="main.main()" file="app.go:34"
time="2024-01-03T16:42:56+03:00" level=info msg="register auth handler" func="main.main()" file="app.go:39"
time="2024-01-03T16:42:56+03:00" level=info msg="start application" func="main.start()" file="app.go:48"
time="2024-01-03T16:42:56+03:00" level=info msg="server is listening on port : :8080" func="main.start()" file="app.go:64"
time="2024-01-03T16:45:36+03:00" level=info msg="create router" func="main.main()" file="app.go:22"
time="2024-01-03T16:45:36+03:00" level=info msg="read application configuration" func="github.com/stonik02/proxy_service/internal/config.GetConfig.func1()" file="config.go:34"
time="2024-01-03T16:45:36+03:00" level=info msg="register user handler" func="main.main()" file="app.go:34"
time="2024-01-03T16:45:36+03:00" level=info msg="register auth handler" func="main.main()" file="app.go:39"
time="2024-01-03T16:45:36+03:00" level=info msg="start application" func="main.start()" file="app.go:48"
time="2024-01-03T16:45:36+03:00" level=info msg="server is listening on port : :8080" func="main.start()" file="app.go:64"
time="2024-01-03T16:49:44+03:00" level=info msg="create router" func="main.main()" file="app.go:22"
time="2024-01-03T16:49:44+03:00" level=info msg="read application configuration" func="github.com/stonik02/proxy_service/internal/config.GetConfig.func1()" file="config.go:34"
time="2024-01-03T16:49:45+03:00" level=info msg="register user handler" func="main.main()" file="app.go:34"
time="2024-01-03T16:49:45+03:00" level=info msg="register auth handler" func="main.main()" file="app.go:39"
time="2024-01-03T16:49:45+03:00" level=info msg="start application" func="main.start()" file="app.go:48"
time="2024-01-03T16:49:45+03:00" level=info msg="server is listening on port : :8080" func="main.start()" file="app.go:64"
time="2024-01-03T16:53:56+03:00" level=info msg="create router" func="main.main()" file="app.go:22"
time="2024-01-03T16:53:56+03:00" level=info msg="read application configuration" func="github.com/stonik02/proxy_service/internal/config.GetConfig.func1()" file="config.go:34"
time="2024-01-03T16:53:56+03:00" level=info msg="register user handler" func="main.main()" file="app.go:34"
time="2024-01-03T16:53:56+03:00" level=info msg="register auth handler" func="main.main()" file="app.go:39"
time="2024-01-03T16:53:56+03:00" level=info msg="start application" func="main.start()" file="app.go:48"
time="2024-01-03T16:53:56+03:00" level=info msg="server is listening on port : :8080" func="main.start()" file="app.go:64"
time="2024-01-03T16:54:40+03:00" level=info msg="create router" func="main.main()" file="app.go:22"
time="2024-01-03T16:54:40+03:00" level=info msg="read application configuration" func="github.com/stonik02/proxy_service/internal/config.GetConfig.func1()" file="config.go:34"
time="2024-01-03T16:54:40+03:00" level=info msg="register user handler" func="main.main()" file="app.go:34"
time="2024-01-03T16:54:40+03:00" level=info msg="register auth handler" func="main.main()" file="app.go:39"
time="2024-01-03T16:54:40+03:00" level=info msg="start application" func="main.start()" file="app.go:48"
time="2024-01-03T16:54:40+03:00" level=info msg="server is listening on port : :8080" func="main.start()" file="app.go:64"
time="2024-01-03T16:54:43+03:00" level=trace msg="Get query: select email from public.person where email = $1;" func="github.com/stonik02/proxy_service/internal/person.(*repository).FindByEmail()" file="postgresql.go:146"
time="2024-01-03T16:54:43+03:00" level=trace msg="Get query: insert into public.person (name, email) values ($1, $2) returning id;" func="github.com/stonik02/proxy_service/internal/person.(*repository).Create()" file="postgresql.go:28"
time="2024-01-03T16:55:17+03:00" level=trace msg="Get query: select email from public.person where email = $1;" func="github.com/stonik02/proxy_service/internal/person.(*repository).FindByEmail()" file="postgresql.go:146"
time="2024-01-03T16:55:17+03:00" level=trace msg="Get query: insert into public.person (name, email) values ($1, $2) returning id;" func="github.com/stonik02/proxy_service/internal/person.(*repository).Create()" file="postgresql.go:28"
time="2024-01-03T16:55:29+03:00" level=trace msg="Get query: select email from public.person where email = $1;" func="github.com/stonik02/proxy_service/internal/person.(*repository).FindByEmail()" file="postgresql.go:146"
time="2024-01-03T16:55:29+03:00" level=trace msg="Get query: insert into public.person (name, email) values ($1, $2) returning id;" func="github.com/stonik02/proxy_service/internal/person.(*repository).Create()" file="postgresql.go:28"
time="2024-01-03T16:56:17+03:00" level=trace msg="Get query: select email from public.person where email = $1;" func="github.com/stonik02/proxy_service/internal/person.(*repository).FindByEmail()" file="postgresql.go:146"
time="2024-01-03T16:56:17+03:00" level=trace msg="Get query: insert into public.person (name, email) values ($1, $2) returning id;" func="github.com/stonik02/proxy_service/internal/person.(*repository).Create()" file="postgresql.go:28"
time="2024-01-03T16:56:27+03:00" level=trace msg="Get query: select email from public.person where email = $1;" func="github.com/stonik02/proxy_service/internal/person.(*repository).FindByEmail()" file="postgresql.go:146"
time="2024-01-03T16:56:27+03:00" level=trace msg="Get query: insert into public.person (name, email) values ($1, $2) returning id;" func="github.com/stonik02/proxy_service/internal/person.(*repository).Create()" file="postgresql.go:28"
time="2024-01-03T17:06:23+03:00" level=info msg="create router" func="main.main()" file="app.go:27"
time="2024-01-03T17:06:23+03:00" level=info msg="read application configuration" func="github.com/stonik02/proxy_service/internal/config.GetConfig.func1()" file="config.go:34"
time="2024-01-03T17:11:06+03:00" level=info msg="create router" func="main.main()" file="app.go:22"
time="2024-01-03T17:11:06+03:00" level=info msg="read application configuration" func="github.com/stonik02/proxy_service/internal/config.GetConfig.func1()" file="config.go:34"
time="2024-01-03T17:11:06+03:00" level=info msg="register user handler" func="main.main()" file="app.go:34"
time="2024-01-03T17:11:06+03:00" level=info msg="register auth handler" func="main.main()" file="app.go:39"
time="2024-01-03T17:11:06+03:00" level=info msg="start application" func="main.start()" file="app.go:48"
time="2024-01-03T17:11:06+03:00" level=info msg="server is listening on port : :8080" func="main.start()" file="app.go:64"
time="2024-01-03T17:11:19+03:00" level=info msg="create router" func="main.main()" file="app.go:22"
time="2024-01-03T17:11:19+03:00" level=info msg="read application configuration" func="github.com/stonik02/proxy_service/internal/config.GetConfig.func1()" file="config.go:34"
time="2024-01-03T17:11:19+03:00" level=info msg="register user handler" func="main.main()" file="app.go:34"
time="2024-01-03T17:11:19+03:00" level=info msg="register auth handler" func="main.main()" file="app.go:39"
time="2024-01-03T17:11:19+03:00" level=info msg="start application" func="main.start()" file="app.go:48"
time="2024-01-03T17:11:19+03:00" level=info msg="server is listening on port : :8080" func="main.start()" file="app.go:64"
time="2024-01-03T17:11:23+03:00" level=trace msg="Get query: select email from public.person where email = $1;" func="github.com/stonik02/proxy_service/internal/person.(*repository).FindByEmail()" file="postgresql.go:146"
time="2024-01-03T17:11:23+03:00" level=trace msg="Get query: insert into public.person (name, email) values ($1, $2) returning id;" func="github.com/stonik02/proxy_service/internal/person.(*repository).Create()" file="postgresql.go:28"
time="2024-01-03T17:11:23+03:00" level=error msg="SQL Error: значение NULL в столбце \"hash_password\" отношения \"person\" нарушает ограничение NOT NULL, Detail: Ошибочная строка содержит (a59ab157-a69e-4f53-b73d-74806d752102, Register1, email2@mail.ru, null)., Where: , Code: 23502, SQLState: 23502" func="github.com/stonik02/proxy_service/internal/person.(*repository).Create()" file="postgresql.go:36"
time="2024-01-03T17:11:23+03:00" level=error msg="Sql error: SQL Error: значение NULL в столбце \"hash_password\" отношения \"person\" нарушает ограничение NOT NULL, Detail: Ошибочная строка содержит (a59ab157-a69e-4f53-b73d-74806d752102, Register1, email2@mail.ru, null)., Where: , Code: 23502, SQLState: 23502" func="github.com/stonik02/proxy_service/internal/auth.(*repository).Register()" file="postgresql.go:47"
time="2024-01-03T17:12:53+03:00" level=trace msg="Get query: select email from public.person where email = $1;" func="github.com/stonik02/proxy_service/internal/person.(*repository).FindByEmail()" file="postgresql.go:146"
time="2024-01-03T17:12:53+03:00" level=trace msg="Get query: insert into public.person (name, email) values ($1, $2) returning id;" func="github.com/stonik02/proxy_service/internal/person.(*repository).Create()" file="postgresql.go:28"
time="2024-01-03T17:12:53+03:00" level=error msg="SQL Error: значение NULL в столбце \"hash_password\" отношения \"person\" нарушает ограничение NOT NULL, Detail: Ошибочная строка содержит (913ad2ec-fb2b-4b0c-8cfa-b04a4f7649a0, Register1, email2@mail.ru, null)., Where: , Code: 23502, SQLState: 23502" func="github.com/stonik02/proxy_service/internal/person.(*repository).Create()" file="postgresql.go:36"
time="2024-01-03T17:12:53+03:00" level=error msg="Sql error: SQL Error: значение NULL в столбце \"hash_password\" отношения \"person\" нарушает ограничение NOT NULL, Detail: Ошибочная строка содержит (913ad2ec-fb2b-4b0c-8cfa-b04a4f7649a0, Register1, email2@mail.ru, null)., Where: , Code: 23502, SQLState: 23502" func="github.com/stonik02/proxy_service/internal/auth.(*repository).Register()" file="postgresql.go:47"
time="2024-01-03T17:13:32+03:00" level=info msg="create router" func="main.main()" file="app.go:22"
time="2024-01-03T17:13:32+03:00" level=info msg="read application configuration" func="github.com/stonik02/proxy_service/internal/config.GetConfig.func1()" file="config.go:34"
time="2024-01-03T17:13:32+03:00" level=info msg="register user handler" func="main.main()" file="app.go:34"
time="2024-01-03T17:13:32+03:00" level=info msg="register auth handler" func="main.main()" file="app.go:39"
time="2024-01-03T17:13:32+03:00" level=info msg="start application" func="main.start()" file="app.go:48"
time="2024-01-03T17:13:32+03:00" level=info msg="server is listening on port : :8080" func="main.start()" file="app.go:64"
time="2024-01-03T17:13:35+03:00" level=trace msg="Get query: select email from public.person where email = $1;" func="github.com/stonik02/proxy_service/internal/person.(*repository).FindByEmail()" file="postgresql.go:146"
time="2024-01-03T17:13:35+03:00" level=trace msg="Get query: insert into public.person (name, email) values ($1, $2) returning id;" func="github.com/stonik02/proxy_service/internal/person.(*repository).Create()" file="postgresql.go:28"
time="2024-01-03T17:13:35+03:00" level=error msg="SQL Error: значение NULL в столбце \"hash_password\" отношения \"person\" нарушает ограничение NOT NULL, Detail: Ошибочная строка содержит (202228a8-853e-4309-a5bf-71dc25f972ef, Register1, email2@mail.ru, null)., Where: , Code: 23502, SQLState: 23502" func="github.com/stonik02/proxy_service/internal/person.(*repository).Create()" file="postgresql.go:36"
time="2024-01-03T17:13:35+03:00" level=error msg="Sql error: SQL Error: значение NULL в столбце \"hash_password\" отношения \"person\" нарушает ограничение NOT NULL, Detail: Ошибочная строка содержит (202228a8-853e-4309-a5bf-71dc25f972ef, Register1, email2@mail.ru, null)., Where: , Code: 23502, SQLState: 23502" func="github.com/stonik02/proxy_service/internal/auth.(*repository).Register()" file="postgresql.go:47"
time="2024-01-03T17:15:39+03:00" level=info msg="create router" func="main.main()" file="app.go:22"
time="2024-01-03T17:15:39+03:00" level=info msg="read application configuration" func="github.com/stonik02/proxy_service/internal/config.GetConfig.func1()" file="config.go:34"
time="2024-01-03T17:15:39+03:00" level=info msg="register user handler" func="main.main()" file="app.go:34"
time="2024-01-03T17:15:39+03:00" level=info msg="register auth handler" func="main.main()" file="app.go:39"
time="2024-01-03T17:15:39+03:00" level=info msg="start application" func="main.start()" file="app.go:48"
time="2024-01-03T17:15:39+03:00" level=info msg="server is listening on port : :8080" func="main.start()" file="app.go:64"
time="2024-01-03T17:15:42+03:00" level=trace msg="Get query: select email from public.person where email = $1;" func="github.com/stonik02/proxy_service/internal/person.(*repository).FindByEmail()" file="postgresql.go:146"
time="2024-01-03T17:15:42+03:00" level=trace msg="Get query: insert into public.person (name, email, hash_password) values ($1, $2, %3) returning id;" func="github.com/stonik02/proxy_service/internal/person.(*repository).Create()" file="postgresql.go:28"
time="2024-01-03T17:15:42+03:00" level=error msg="SQL Error: ошибка синтаксиса (примерное положение: \"%!\"(MISSING)), Detail: , Where: , Code: 42601, SQLState: 42601" func="github.com/stonik02/proxy_service/internal/person.(*repository).Create()" file="postgresql.go:36"
time="2024-01-03T17:15:42+03:00" level=error msg="Sql error: SQL Error: ошибка синтаксиса (примерное положение: \"%!\"(MISSING)), Detail: , Where: , Code: 42601, SQLState: 42601" func="github.com/stonik02/proxy_service/internal/auth.(*repository).Register()" file="postgresql.go:47"
time="2024-01-03T17:16:03+03:00" level=info msg="create router" func="main.main()" file="app.go:22"
time="2024-01-03T17:16:03+03:00" level=info msg="read application configuration" func="github.com/stonik02/proxy_service/internal/config.GetConfig.func1()" file="config.go:34"
time="2024-01-03T17:16:04+03:00" level=info msg="register user handler" func="main.main()" file="app.go:34"
time="2024-01-03T17:16:04+03:00" level=info msg="register auth handler" func="main.main()" file="app.go:39"
time="2024-01-03T17:16:04+03:00" level=info msg="start application" func="main.start()" file="app.go:48"
time="2024-01-03T17:16:04+03:00" level=info msg="server is listening on port : :8080" func="main.start()" file="app.go:64"
time="2024-01-03T17:16:06+03:00" level=trace msg="Get query: select email from public.person where email = $1;" func="github.com/stonik02/proxy_service/internal/person.(*repository).FindByEmail()" file="postgresql.go:146"
time="2024-01-03T17:16:06+03:00" level=trace msg="Get query: insert into public.person (name, email, hash_password) values ($1, $2, $3) returning id;" func="github.com/stonik02/proxy_service/internal/person.(*repository).Create()" file="postgresql.go:28"
time="2024-01-03T17:17:33+03:00" level=info msg="create router" func="main.main()" file="app.go:22"
time="2024-01-03T17:17:33+03:00" level=info msg="read application configuration" func="github.com/stonik02/proxy_service/internal/config.GetConfig.func1()" file="config.go:34"
time="2024-01-03T17:17:33+03:00" level=info msg="register user handler" func="main.main()" file="app.go:34"
time="2024-01-03T17:17:33+03:00" level=info msg="register auth handler" func="main.main()" file="app.go:39"
time="2024-01-03T17:17:33+03:00" level=info msg="start application" func="main.start()" file="app.go:48"
time="2024-01-03T17:17:33+03:00" level=info msg="server is listening on port : :8080" func="main.start()" file="app.go:64"
time="2024-01-03T17:17:36+03:00" level=trace msg="Get query: select email from public.person where email = $1;" func="github.com/stonik02/proxy_service/internal/person.(*repository).FindByEmail()" file="postgresql.go:146"
time="2024-01-03T17:17:36+03:00" level=trace msg="Get query: insert into public.person (name, email, hash_password) values ($1, $2, $3) returning id;" func="github.com/stonik02/proxy_service/internal/person.(*repository).Create()" file="postgresql.go:28"
time="2024-01-03T17:17:36+03:00" level=error msg="SQL Error: повторяющееся значение ключа нарушает ограничение уникальности \"person_email_key\", Detail: Ключ \"(email)=(email2@mail.ru)\" уже существует., Where: , Code: 23505, SQLState: 23505" func="github.com/stonik02/proxy_service/internal/person.(*repository).Create()" file="postgresql.go:36"
time="2024-01-03T17:17:36+03:00" level=error msg="Sql error: SQL Error: повторяющееся значение ключа нарушает ограничение уникальности \"person_email_key\", Detail: Ключ \"(email)=(email2@mail.ru)\" уже существует., Where: , Code: 23505, SQLState: 23505" func="github.com/stonik02/proxy_service/internal/auth.(*repository).Register()" file="postgresql.go:48"
time="2024-01-03T17:17:40+03:00" level=trace msg="Get query: select email from public.person where email = $1;" func="github.com/stonik02/proxy_service/internal/person.(*repository).FindByEmail()" file="postgresql.go:146"
time="2024-01-03T17:17:40+03:00" level=trace msg="Get query: insert into public.person (name, email, hash_password) values ($1, $2, $3) returning id;" func="github.com/stonik02/proxy_service/internal/person.(*repository).Create()" file="postgresql.go:28"
time="2024-01-03T17:20:16+03:00" level=info msg="create router" func="main.main()" file="app.go:22"
time="2024-01-03T17:20:16+03:00" level=info msg="read application configuration" func="github.com/stonik02/proxy_service/internal/config.GetConfig.func1()" file="config.go:34"
time="2024-01-03T17:20:17+03:00" level=info msg="register user handler" func="main.main()" file="app.go:34"
time="2024-01-03T17:20:17+03:00" level=info msg="register auth handler" func="main.main()" file="app.go:39"
time="2024-01-03T17:20:17+03:00" level=info msg="start application" func="main.start()" file="app.go:48"
time="2024-01-03T17:20:17+03:00" level=info msg="server is listening on port : :8080" func="main.start()" file="app.go:64"
time="2024-01-03T17:20:22+03:00" level=trace msg="Get query: select email from public.person where email = $1;" func="github.com/stonik02/proxy_service/internal/person.(*repository).FindByEmail()" file="postgresql.go:146"
time="2024-01-03T17:20:23+03:00" level=trace msg="Get query: insert into public.person (name, email, hash_password) values ($1, $2, $3) returning id;" func="github.com/stonik02/proxy_service/internal/person.(*repository).Create()" file="postgresql.go:28"
time="2024-01-03T17:20:35+03:00" level=trace msg="Get query: select email from public.person where email = $1;" func="github.com/stonik02/proxy_service/internal/person.(*repository).FindByEmail()" file="postgresql.go:146"
time="2024-01-03T17:20:36+03:00" level=trace msg="Get query: insert into public.person (name, email, hash_password) values ($1, $2, $3) returning id;" func="github.com/stonik02/proxy_service/internal/person.(*repository).Create()" file="postgresql.go:28"
time="2024-01-03T17:21:58+03:00" level=info msg="create router" func="main.main()" file="app.go:22"
time="2024-01-03T17:21:58+03:00" level=info msg="read application configuration" func="github.com/stonik02/proxy_service/internal/config.GetConfig.func1()" file="config.go:34"
time="2024-01-03T17:21:58+03:00" level=info msg="register user handler" func="main.main()" file="app.go:34"
time="2024-01-03T17:21:58+03:00" level=info msg="register auth handler" func="main.main()" file="app.go:39"
time="2024-01-03T17:21:58+03:00" level=info msg="start application" func="main.start()" file="app.go:48"
time="2024-01-03T17:21:58+03:00" level=info msg="server is listening on port : :8080" func="main.start()" file="app.go:64"
time="2024-01-03T17:22:02+03:00" level=trace msg="Get query: select email from public.person where email = $1;" func="github.com/stonik02/proxy_service/internal/person.(*repository).FindByEmail()" file="postgresql.go:156"
time="2024-01-03T17:22:02+03:00" level=trace msg="Get query: insert into public.person (name, email, hash_password) values ($1, $2, $3) returning id;" func="github.com/stonik02/proxy_service/internal/person.(*repository).Create()" file="postgresql.go:38"
time="2024-01-03T17:22:34+03:00" level=info msg="create router" func="main.main()" file="app.go:22"
time="2024-01-03T17:22:34+03:00" level=info msg="read application configuration" func="github.com/stonik02/proxy_service/internal/config.GetConfig.func1()" file="config.go:34"
time="2024-01-03T17:22:35+03:00" level=info msg="register user handler" func="main.main()" file="app.go:34"
time="2024-01-03T17:22:35+03:00" level=info msg="register auth handler" func="main.main()" file="app.go:39"
time="2024-01-03T17:22:35+03:00" level=info msg="start application" func="main.start()" file="app.go:48"
time="2024-01-03T17:22:35+03:00" level=info msg="server is listening on port : :8080" func="main.start()" file="app.go:64"
time="2024-01-03T17:22:38+03:00" level=trace msg="Get query: select email from public.person where email = $1;" func="github.com/stonik02/proxy_service/internal/person.(*repository).FindByEmail()" file="postgresql.go:161"
time="2024-01-03T17:22:39+03:00" level=trace msg="Get query: insert into public.person (name, email, hash_password) values ($1, $2, $3) returning id;" func="github.com/stonik02/proxy_service/internal/person.(*repository).Create()" file="postgresql.go:43"
time="2024-01-03T17:23:17+03:00" level=info msg="create router" func="main.main()" file="app.go:22"
time="2024-01-03T17:23:17+03:00" level=info msg="read application configuration" func="github.com/stonik02/proxy_service/internal/config.GetConfig.func1()" file="config.go:34"
time="2024-01-03T17:23:17+03:00" level=info msg="register user handler" func="main.main()" file="app.go:34"
time="2024-01-03T17:23:17+03:00" level=info msg="register auth handler" func="main.main()" file="app.go:39"
time="2024-01-03T17:23:17+03:00" level=info msg="start application" func="main.start()" file="app.go:48"
time="2024-01-03T17:23:17+03:00" level=info msg="server is listening on port : :8080" func="main.start()" file="app.go:64"
time="2024-01-03T17:23:31+03:00" level=trace msg="Get query: select email from public.person where email = $1;" func="github.com/stonik02/proxy_service/internal/person.(*repository).FindByEmail()" file="postgresql.go:161"
time="2024-01-03T17:23:31+03:00" level=trace msg="Get query: insert into public.person (name, email, hash_password) values ($1, $2, $3) returning id;" func="github.com/stonik02/proxy_service/internal/person.(*repository).Create()" file="postgresql.go:43"
time="2024-01-03T17:27:19+03:00" level=info msg="create router" func="main.main()" file="app.go:22"
time="2024-01-03T17:27:19+03:00" level=info msg="read application configuration" func="github.com/stonik02/proxy_service/internal/config.GetConfig.func1()" file="config.go:34"
time="2024-01-03T17:27:19+03:00" level=info msg="register user handler" func="main.main()" file="app.go:34"
time="2024-01-03T17:27:19+03:00" level=info msg="register auth handler" func="main.main()" file="app.go:39"
time="2024-01-03T17:27:19+03:00" level=info msg="start application" func="main.start()" file="app.go:48"
time="2024-01-03T17:27:19+03:00" level=info msg="server is listening on port : :8080" func="main.start()" file="app.go:64"
time="2024-01-04T15:12:48+03:00" level=info msg="create router" func="main.main()" file="app.go:22"
time="2024-01-04T15:12:48+03:00" level=info msg="read application configuration" func="github.com/stonik02/proxy_service/internal/config.GetConfig.func1()" file="config.go:34"
time="2024-01-04T15:12:48+03:00" level=info msg="register user handler" func="main.main()" file="app.go:34"
time="2024-01-04T15:12:48+03:00" level=info msg="register auth handler" func="main.main()" file="app.go:39"
time="2024-01-04T15:12:48+03:00" level=info msg="start application" func="main.start()" file="app.go:48"
time="2024-01-04T15:12:48+03:00" level=info msg="server is listening on port : :8080" func="main.start()" file="app.go:64"
time="2024-01-04T15:13:34+03:00" level=trace msg="Get query: select email, hash_password from public.person where email = $1" func="github.com/stonik02/proxy_service/internal/person.(*repository).AuthPerson()" file="postgresql.go:175"
time="2024-01-04T15:13:48+03:00" level=trace msg="Get query: select email from public.person where email = $1;" func="github.com/stonik02/proxy_service/internal/person.(*repository).FindByEmail()" file="postgresql.go:159"
time="2024-01-04T15:13:48+03:00" level=trace msg="Get query: insert into public.person (name, email, hash_password) values ($1, $2, $3) returning id;" func="github.com/stonik02/proxy_service/internal/person.(*repository).Create()" file="postgresql.go:43"
time="2024-01-04T15:13:55+03:00" level=trace msg="Get query: select email, hash_password from public.person where email = $1" func="github.com/stonik02/proxy_service/internal/person.(*repository).AuthPerson()" file="postgresql.go:175"
time="2024-01-04T15:14:10+03:00" level=trace msg="Get query: select email, hash_password from public.person where email = $1" func="github.com/stonik02/proxy_service/internal/person.(*repository).AuthPerson()" file="postgresql.go:175"
time="2024-01-04T15:14:58+03:00" level=info msg="create router" func="main.main()" file="app.go:22"
time="2024-01-04T15:14:58+03:00" level=info msg="read application configuration" func="github.com/stonik02/proxy_service/internal/config.GetConfig.func1()" file="config.go:34"
time="2024-01-04T15:14:58+03:00" level=info msg="register user handler" func="main.main()" file="app.go:34"
time="2024-01-04T15:14:58+03:00" level=info msg="register auth handler" func="main.main()" file="app.go:39"
time="2024-01-04T15:14:58+03:00" level=info msg="start application" func="main.start()" file="app.go:48"
time="2024-01-04T15:14:58+03:00" level=info msg="server is listening on port : :8080" func="main.start()" file="app.go:64"
time="2024-01-04T15:15:03+03:00" level=trace msg="Get query: select email, hash_password from public.person where email = $1" func="github.com/stonik02/proxy_service/internal/person.(*repository).AuthPerson()" file="postgresql.go:175"
time="2024-01-04T15:16:10+03:00" level=info msg="create router" func="main.main()" file="app.go:22"
time="2024-01-04T15:16:10+03:00" level=info msg="read application configuration" func="github.com/stonik02/proxy_service/internal/config.GetConfig.func1()" file="config.go:34"
time="2024-01-04T15:16:10+03:00" level=info msg="register user handler" func="main.main()" file="app.go:34"
time="2024-01-04T15:16:10+03:00" level=info msg="register auth handler" func="main.main()" file="app.go:39"
time="2024-01-04T15:16:10+03:00" level=info msg="start application" func="main.start()" file="app.go:48"
time="2024-01-04T15:16:10+03:00" level=info msg="server is listening on port : :8080" func="main.start()" file="app.go:64"
time="2024-01-04T15:16:14+03:00" level=trace msg="Get query: select email, hash_password from public.person where email = $1" func="github.com/stonik02/proxy_service/internal/person.(*repository).AuthPerson()" file="postgresql.go:175"
time="2024-01-04T15:16:22+03:00" level=trace msg="Get query: select email, hash_password from public.person where email = $1" func="github.com/stonik02/proxy_service/internal/person.(*repository).AuthPerson()" file="postgresql.go:175"
time="2024-01-04T15:16:26+03:00" level=trace msg="Get query: select email, hash_password from public.person where email = $1" func="github.com/stonik02/proxy_service/internal/person.(*repository).AuthPerson()" file="postgresql.go:175"
time="2024-01-04T15:16:29+03:00" level=trace msg="Get query: select email, hash_password from public.person where email = $1" func="github.com/stonik02/proxy_service/internal/person.(*repository).AuthPerson()" file="postgresql.go:175"
time="2024-01-04T15:18:24+03:00" level=info msg="create router" func="main.main()" file="app.go:22"
time="2024-01-04T15:18:24+03:00" level=info msg="read application configuration" func="github.com/stonik02/proxy_service/internal/config.GetConfig.func1()" file="config.go:34"
time="2024-01-04T15:18:24+03:00" level=info msg="register user handler" func="main.main()" file="app.go:34"
time="2024-01-04T15:18:24+03:00" level=info msg="register auth handler" func="main.main()" file="app.go:39"
time="2024-01-04T15:18:24+03:00" level=info msg="start application" func="main.start()" file="app.go:48"
time="2024-01-04T15:18:24+03:00" level=info msg="server is listening on port : :8080" func="main.start()" file="app.go:64"
time="2024-01-04T15:18:30+03:00" level=trace msg="Get query: select email, hash_password from public.person where email = $1" func="github.com/stonik02/proxy_service/internal/person.(*repository).AuthPerson()" file="postgresql.go:175"
time="2024-01-04T15:19:19+03:00" level=info msg="create router" func="main.main()" file="app.go:22"
time="2024-01-04T15:19:19+03:00" level=info msg="read application configuration" func="github.com/stonik02/proxy_service/internal/config.GetConfig.func1()" file="config.go:34"
time="2024-01-04T15:19:19+03:00" level=info msg="register user handler" func="main.main()" file="app.go:34"
time="2024-01-04T15:19:19+03:00" level=info msg="register auth handler" func="main.main()" file="app.go:39"
time="2024-01-04T15:19:19+03:00" level=info msg="start application" func="main.start()" file="app.go:48"
time="2024-01-04T15:19:19+03:00" level=info msg="server is listening on port : :8080" func="main.start()" file="app.go:64"
time="2024-01-04T15:19:22+03:00" level=trace msg="Get query: select email, hash_password from public.person where email = $1" func="github.com/stonik02/proxy_service/internal/person.(*repository).AuthPerson()" file="postgresql.go:175"
time="2024-01-04T15:20:40+03:00" level=info msg="create router" func="main.main()" file="app.go:22"
time="2024-01-04T15:20:40+03:00" level=info msg="read application configuration" func="github.com/stonik02/proxy_service/internal/config.GetConfig.func1()" file="config.go:34"
time="2024-01-04T15:20:40+03:00" level=info msg="register user handler" func="main.main()" file="app.go:34"
time="2024-01-04T15:20:40+03:00" level=info msg="register auth handler" func="main.main()" file="app.go:39"
time="2024-01-04T15:20:40+03:00" level=info msg="start application" func="main.start()" file="app.go:48"
time="2024-01-04T15:20:40+03:00" level=info msg="server is listening on port : :8080" func="main.start()" file="app.go:64"
time="2024-01-04T15:20:43+03:00" level=trace msg="Get query: select email, hash_password from public.person where email = $1" func="github.com/stonik02/proxy_service/internal/person.(*repository).AuthPerson()" file="postgresql.go:175"
time="2024-01-04T15:21:14+03:00" level=trace msg="Get query: select email, hash_password from public.person where email = $1" func="github.com/stonik02/proxy_service/internal/person.(*repository).AuthPerson()" file="postgresql.go:175"
time="2024-01-04T15:46:58+03:00" level=info msg="create router" func="main.main()" file="app.go:22"
time="2024-01-04T15:46:58+03:00" level=info msg="read application configuration" func="github.com/stonik02/proxy_service/internal/config.GetConfig.func1()" file="config.go:34"
time="2024-01-04T15:46:59+03:00" level=info msg="register user handler" func="main.main()" file="app.go:34"
time="2024-01-04T15:46:59+03:00" level=info msg="register auth handler" func="main.main()" file="app.go:39"
time="2024-01-04T15:46:59+03:00" level=info msg="start application" func="main.start()" file="app.go:48"
time="2024-01-04T15:46:59+03:00" level=info msg="server is listening on port : :8080" func="main.start()" file="app.go:64"
time="2024-01-04T15:47:02+03:00" level=trace msg="Get query: select email from public.person where email = $1;" func="github.com/stonik02/proxy_service/internal/person.(*repository).FindByEmail()" file="postgresql.go:159"
time="2024-01-04T15:47:02+03:00" level=trace msg="Get query: insert into public.person (name, email, hash_password) values ($1, $2, $3) returning id;" func="github.com/stonik02/proxy_service/internal/person.(*repository).Create()" file="postgresql.go:43"
